<?xml version="1.0" encoding="UTF-8"?>
<testng-results skipped="0" failed="0" total="1" passed="1">
  <reporter-output>
  </reporter-output>
  <suite name="Suite" duration-ms="9878" started-at="2021-10-19T06:32:43Z" finished-at="2021-10-19T06:32:53Z">
    <groups>
    </groups>
    <test name="Test" duration-ms="9878" started-at="2021-10-19T06:32:43Z" finished-at="2021-10-19T06:32:53Z">
      <class name="mavenforjenkins.UITest">
        <test-method status="PASS" signature="startBrowser(java.lang.String)[pri:0, instance:mavenforjenkins.UITest@4cb2c100]" name="startBrowser" duration-ms="9866" started-at="2021-10-19T12:02:43Z" finished-at="2021-10-19T12:02:53Z">
          <params>
            <param index="0">
              <value>
                <![CDATA[Edge]]>
              </value>
            </param>
          </params>
          <reporter-output>
          </reporter-output>
        </test-method> <!-- startBrowser -->
      </class> <!-- mavenforjenkins.UITest -->
    </test> <!-- Test -->
  </suite> <!-- Suite -->
</testng-results>
